<?xml version="1.0" encoding="UTF-8"?>
<!-- Generated by org.testng.reporters.JUnitReportReporter -->
<testsuite hostname="Minhaj" failures="0" tests="2" name="testScripts.NaukriTestNG" time="2.112" errors="0" timestamp="23 Jul 2018 16:10:35 GMT" skipped="0">
  <testcase classname="testScripts.NaukriTestNG" name="registration" time="0.889"/>
  <testcase classname="testScripts.NaukriTestNG" name="personalFields" time="1.223"/>
</testsuite> <!-- testScripts.NaukriTestNG -->
