<?xml version="1.0" encoding="UTF-8"?>
<!-- Generated by org.testng.reporters.JUnitReportReporter -->
<testsuite hostname="Minhaj" failures="0" tests="4" name="Package1.DDTTestNG" time="22.076" errors="0" timestamp="18 Nov 2019 19:57:04 GMT" skipped="0">
  <testcase classname="Package1.DDTTestNG" name="loginTestNG" time="5.972"/>
  <testcase classname="Package1.DDTTestNG" name="loginTestNG" time="4.804"/>
  <testcase classname="Package1.DDTTestNG" name="loginTestNG" time="5.876"/>
  <testcase classname="Package1.DDTTestNG" name="loginTestNG" time="5.424"/>
</testsuite> <!-- Package1.DDTTestNG -->
