<?xml version="1.0" encoding="UTF-8"?>
<!-- Generated by org.testng.reporters.JUnitReportReporter -->
<testsuite hostname="Minhaj" failures="0" tests="2" name="Package1.TestNGExample" time="0.013" errors="0" timestamp="23 Jul 2018 16:10:16 GMT" skipped="0">
  <testcase classname="Package1.TestNGExample" name="method6" time="0.010"/>
  <testcase classname="Package1.TestNGExample" name="method3" time="0.003"/>
</testsuite> <!-- Package1.TestNGExample -->
