<?xml version="1.0" encoding="UTF-8"?>
<!-- Generated by org.testng.reporters.JUnitReportReporter -->
<testsuite hostname="Minhaj" failures="0" tests="2" name="testScripts1.TestNGEx" time="3.437" errors="0" timestamp="07 Dec 2018 15:42:02 GMT" skipped="0">
  <testcase classname="testScripts1.TestNGEx" name="naukriReg1" time="2.294"/>
  <testcase classname="testScripts1.TestNGEx" name="naukriReg2" time="1.143"/>
</testsuite> <!-- testScripts1.TestNGEx -->
